<?xml version="1.0" encoding="UTF-8"?>
<!-- Generated by org.testng.reporters.JUnitXMLReporter -->
<testsuite ignored="2" hostname="Sreejaa" failures="0" tests="2" name="GRP-regression" time="0.09" errors="0" timestamp="2021-03-04T20:09:13 EST">
  <testcase classname="Sample.Trial" name="atest1" time="0.011"/>
  <testcase classname="Sample.Trial" name="ctest3" time="0.001"/>
  <testcase classname="Sample.Trial" name="Title" time="0.0">
    <ignored/>
  </testcase> <!-- Title -->
  <testcase classname="Sample.Trial" name="btest2" time="0.0">
    <ignored/>
  </testcase> <!-- btest2 -->
</testsuite> <!-- GRP-regression -->
