<?xml version="1.0" encoding="UTF-8"?>
<!-- Generated by org.testng.reporters.JUnitXMLReporter -->
<testsuite ignored="0" hostname="Sreejaa" failures="1" tests="3" name="report Test" time="16.897" errors="0" timestamp="2021-03-08T19:18:47 EST">
  <testcase classname="Sample.ReportsTest" name="reporterTest1" time="14.839">
    <failure type="java.lang.AssertionError" message="expected [true] but found [false]">
      <![CDATA[java.lang.AssertionError: expected [true] but found [false]
at Sample.ReportsTest.reporterTest1(ReportsTest.java:19)
at java.base/java.util.ArrayList.forEach(ArrayList.java:1511)
... Removed 31 stack frames]]>
    </failure>
  </testcase> <!-- reporterTest1 -->
  <testcase classname="Sample.ReportsTest" name="reporterTest2" time="0.006"/>
  <testcase classname="Sample.ReportsTest" name="reporterTest3" time="0.008"/>
</testsuite> <!-- report Test -->
